0 info it worked if it ends with ok
1 verbose cli [ '/usr/bin/node', '/usr/bin/npm', 'run', 'start' ]
2 info using npm@1.4.21
3 info using node@v8.11.1
4 verbose run-script [ 'prestart', 'start', 'poststart' ]
5 info prestart berry-leds_server-app@1.0.0
6 info start berry-leds_server-app@1.0.0
7 verbose unsafe-perm in lifecycle true
8 info berry-leds_server-app@1.0.0 Failed to exec start script
9 error berry-leds_server-app@1.0.0 start: `node index.js`
9 error Exit status 1
10 error Failed at the berry-leds_server-app@1.0.0 start script.
10 error This is most likely a problem with the berry-leds_server-app package,
10 error not with npm itself.
10 error Tell the author that this fails on your system:
10 error     node index.js
10 error You can get their info via:
10 error     npm owner ls berry-leds_server-app
10 error There is likely additional logging output above.
11 error System Linux 4.14.98-v7+
12 error command "/usr/bin/node" "/usr/bin/npm" "run" "start"
13 error cwd /home/pi/chema/berry-leds/src/server-app
14 error node -v v8.11.1
15 error npm -v 1.4.21
16 error code ELIFECYCLE
17 verbose exit [ 1, true ]
